<?xml version="1.0" encoding="UTF-8"?>
<!-- Generated by org.testng.reporters.JUnitXMLReporter -->
<testsuite hostname="Kang" ignored="0" name="Default test" tests="3" failures="0" timestamp="2021-08-25T19:00:44 IST" time="375.179" errors="0">
  <testcase name="verifyPagetitle" time="0.091" classname="cp.testCases.HomepageTest"/>
  <testcase name="verifyLogo" time="2.727" classname="cp.testCases.HomepageTest"/>
  <testcase name="verifyLinks" time="286.545" classname="cp.testCases.HomepageTest"/>
</testsuite> <!-- Default test -->
