<?xml version="1.0" encoding="UTF-8"?>
<!-- Generated by org.testng.reporters.JUnitXMLReporter -->
<testsuite hostname="Trantor-LP475" ignored="6" name="smoke" tests="24" failures="5" timestamp="2023-10-03T19:22:35 IST" time="251.176" errors="0">
  <testcase name="verifyPagetitle" time="0.032" classname="cp.testCases.HomepageTest"/>
  <testcase name="verifyLogo" time="0.073" classname="cp.testCases.HomepageTest">
    <failure type="java.lang.AssertionError" message="expected [true] but found [false]">
      <![CDATA[java.lang.AssertionError: expected [true] but found [false]
at cp.testCases.HomepageTest.verifyLogo(HomepageTest.java:70)
at java.util.ArrayList.forEach(Unknown Source)
... Removed 33 stack frames]]>
    </failure>
  </testcase> <!-- verifyLogo -->
  <testcase name="verifyLinks" time="8.355" classname="cp.testCases.HomepageTest"/>
  <testcase name="salesforcelogintest" time="3.112" classname="cp.testCases.sfloginTest"/>
  <testcase name="verfiylogo" time="0.033" classname="cp.testCases.ApplynowTest"/>
  <testcase name="verifyBasicinfo" time="22.757" classname="cp.testCases.ApplynowTest"/>
  <testcase name="verifySubmitLoanApplication" time="23.125" classname="cp.testCases.ApplynowTest"/>
  <testcase name="salesforcedata" time="4.062" classname="cp.testCases.sfdataTest"/>
  <testcase name="salesforceOpp" time="1.407" classname="cp.testCases.sfdataTest"/>
  <testcase name="verifyotpbox" time="3.663" classname="cp.testCases.offersTest"/>
  <testcase name="verifyRightPanel" time="2.585" classname="cp.testCases.offersTest"/>
  <testcase name="verifySlidermovement" time="0.399" classname="cp.testCases.offersTest"/>
  <testcase name="verifyOffercontainer" time="0.368" classname="cp.testCases.offersTest"/>
  <testcase name="verifySelectOffer" time="0.084" classname="cp.testCases.offersTest"/>
  <testcase name="verifybankInfoElements" time="30.564" classname="cp.testCases.BankInfoTest"/>
  <testcase name="verifyPlaidBankConnect" time="20.296" classname="cp.testCases.BankInfoTest"/>
  <testcase name="verifyPlaidBankLogin" time="6.693" classname="cp.testCases.BankInfoTest"/>
  <testcase name="VerifyIncomeInfoText" time="15.632" classname="cp.testCases.IncomeInfoTest"/>
  <testcase name="verifyEnterBankDetails" time="1.066" classname="cp.testCases.IncomeInfoTest"/>
  <testcase name="verifyRepaymentInfoText" time="10.06" classname="cp.testCases.PaymentSetupTest">
    <failure type="java.lang.AssertionError" message="expected [false] but found [true]">
      <![CDATA[java.lang.AssertionError: expected [false] but found [true]
at cp.testCases.PaymentSetupTest.verifyRepaymentInfoText(PaymentSetupTest.java:31)
at java.util.ArrayList.forEach(Unknown Source)
... Removed 33 stack frames]]>
    </failure>
  </testcase> <!-- verifyRepaymentInfoText -->
  <testcase name="verifyRepaymentDetails" time="10.026" classname="cp.testCases.PaymentSetupTest"/>
  <testcase name="verifyconsent1" time="51.767" classname="cp.testCases.TilapageTest">
    <failure type="java.lang.AssertionError" message="expected [true] but found [false]">
      <![CDATA[java.lang.AssertionError: expected [true] but found [false]
at cp.testCases.TilapageTest.verifyconsent1(TilapageTest.java:30)
at java.util.ArrayList.forEach(Unknown Source)
... Removed 33 stack frames]]>
    </failure>
  </testcase> <!-- verifyconsent1 -->
  <testcase name="verifyconsent2" time="10.074" classname="cp.testCases.TilapageTest">
    <failure type="java.lang.AssertionError" message="expected [true] but found [false]">
      <![CDATA[java.lang.AssertionError: expected [true] but found [false]
at cp.testCases.TilapageTest.verifyconsent2(TilapageTest.java:36)
at java.util.ArrayList.forEach(Unknown Source)
... Removed 33 stack frames]]>
    </failure>
  </testcase> <!-- verifyconsent2 -->
  <testcase name="verifySignContract" time="10.028" classname="cp.testCases.TilapageTest">
    <failure type="java.lang.AssertionError" message="expected [true] but found [false]">
      <![CDATA[java.lang.AssertionError: expected [true] but found [false]
at cp.testCases.TilapageTest.verifySignContract(TilapageTest.java:42)
at java.util.ArrayList.forEach(Unknown Source)
... Removed 33 stack frames]]>
    </failure>
  </testcase> <!-- verifySignContract -->
  <testcase name="@BeforeSuite beforeSuite" time="0.0" classname="cp.extentreport.ExtentTestNGReportBuilder">
    <ignored/>
  </testcase> <!-- @BeforeSuite beforeSuite -->
  <testcase name="@BeforeSuite beforeSuite" time="0.0" classname="cp.extentreport.ExtentTestNGReportBuilder">
    <ignored/>
  </testcase> <!-- @BeforeSuite beforeSuite -->
  <testcase name="@BeforeSuite beforeSuite" time="0.0" classname="cp.extentreport.ExtentTestNGReportBuilder">
    <ignored/>
  </testcase> <!-- @BeforeSuite beforeSuite -->
  <testcase name="@BeforeSuite beforeSuite" time="0.0" classname="cp.extentreport.ExtentTestNGReportBuilder">
    <ignored/>
  </testcase> <!-- @BeforeSuite beforeSuite -->
  <testcase name="@BeforeSuite beforeSuite" time="0.0" classname="cp.extentreport.ExtentTestNGReportBuilder">
    <ignored/>
  </testcase> <!-- @BeforeSuite beforeSuite -->
  <testcase name="@BeforeSuite beforeSuite" time="0.0" classname="cp.extentreport.ExtentTestNGReportBuilder">
    <ignored/>
  </testcase> <!-- @BeforeSuite beforeSuite -->
</testsuite> <!-- smoke -->
