<?xml version="1.0" encoding="UTF-8"?>
<!-- Generated by org.testng.reporters.JUnitXMLReporter -->
<testsuite hostname="Trantor-LP475" ignored="0" name="smoke" tests="5" failures="0" timestamp="2021-10-29T22:44:54 IST" time="9.476" errors="0">
  <testcase name="verifyPagetitle" time="0.014" classname="cp.testCases.HomepageTest"/>
  <testcase name="verifyLogo" time="0.065" classname="cp.testCases.HomepageTest"/>
  <testcase name="verifyLinks" time="0.287" classname="cp.testCases.HomepageTest"/>
  <testcase name="verfiylogo" time="4.286" classname="cp.testCases.ApplynowTest"/>
  <testcase name="verifyBasicinfo" time="4.772" classname="cp.testCases.ApplynowTest"/>
</testsuite> <!-- smoke -->
