# JRE version: Java(TM) SE Runtime Environment (8.0_301-b09) (build 1.8.0_301-b09)
# Java VM: Java HotSpot(TM) 64-Bit Server VM (25.301-b09 mixed mode windows-amd64 compressed oops)
Heap:
 PSYoungGen      total 64512K, used 15546K [0x00000000d6e00000, 0x00000000db900000, 0x0000000100000000)
  eden space 55296K, 19% used [0x00000000d6e00000,0x00000000d78c08a8,0x00000000da400000)
  from space 9216K, 49% used [0x00000000db000000,0x00000000db46e098,0x00000000db900000)
  to   space 10752K, 0% used [0x00000000da400000,0x00000000da400000,0x00000000dae80000)
 ParOldGen       total 51200K, used 7615K [0x0000000084a00000, 0x0000000087c00000, 0x00000000d6e00000)
  object space 51200K, 14% used [0x0000000084a00000,0x000000008516fea8,0x0000000087c00000)
 Metaspace       used 26682K, capacity 27878K, committed 28032K, reserved 1073152K
  class space    used 3371K, capacity 3693K, committed 3712K, reserved 1048576K
GC Heap History (10 events):
Event: 9.340 GC heap before
{Heap before GC invocations=3 (full 0):
 PSYoungGen      total 36864K, used 36832K [0x00000000d6e00000, 0x00000000d9700000, 0x0000000100000000)
  eden space 31744K, 100% used [0x00000000d6e00000,0x00000000d8d00000,0x00000000d8d00000)
  from space 5120K, 99% used [0x00000000d9200000,0x00000000d96f80a0,0x00000000d9700000)
  to   space 5120K, 0% used [0x00000000d8d00000,0x00000000d8d00000,0x00000000d9200000)
 ParOldGen       total 84992K, used 3077K [0x0000000084a00000, 0x0000000089d00000, 0x00000000d6e00000)
  object space 84992K, 3% used [0x0000000084a00000,0x0000000084d015d8,0x0000000089d00000)
 Metaspace       used 20024K, capacity 20844K, committed 20992K, reserved 1067008K
  class space    used 2494K, capacity 2724K, committed 2816K, reserved 1048576K
Event: 9.353 GC heap after
Heap after GC invocations=3 (full 0):
 PSYoungGen      total 36864K, used 5088K [0x00000000d6e00000, 0x00000000d9700000, 0x0000000100000000)
  eden space 31744K, 0% used [0x00000000d6e00000,0x00000000d6e00000,0x00000000d8d00000)
  from space 5120K, 99% used [0x00000000d8d00000,0x00000000d91f80c0,0x00000000d9200000)
  to   space 5120K, 0% used [0x00000000d9200000,0x00000000d9200000,0x00000000d9700000)
 ParOldGen       total 84992K, used 7747K [0x0000000084a00000, 0x0000000089d00000, 0x00000000d6e00000)
  object space 84992K, 9% used [0x0000000084a00000,0x0000000085190ca8,0x0000000089d00000)
 Metaspace       used 20024K, capacity 20844K, committed 20992K, reserved 1067008K
  class space    used 2494K, capacity 2724K, committed 2816K, reserved 1048576K
}
Event: 9.401 GC heap before
{Heap before GC invocations=4 (full 0):
 PSYoungGen      total 36864K, used 7491K [0x00000000d6e00000, 0x00000000d9700000, 0x0000000100000000)
  eden space 31744K, 7% used [0x00000000d6e00000,0x00000000d7058d50,0x00000000d8d00000)
  from space 5120K, 99% used [0x00000000d8d00000,0x00000000d91f80c0,0x00000000d9200000)
  to   space 5120K, 0% used [0x00000000d9200000,0x00000000d9200000,0x00000000d9700000)
 ParOldGen       total 84992K, used 7747K [0x0000000084a00000, 0x0000000089d00000, 0x00000000d6e00000)
  object space 84992K, 9% used [0x0000000084a00000,0x0000000085190ca8,0x0000000089d00000)
 Metaspace       used 20326K, capacity 21164K, committed 21248K, reserved 1067008K
  class space    used 2521K, capacity 2788K, committed 2816K, reserved 1048576K
Event: 9.407 GC heap after
Heap after GC invocations=4 (full 0):
 PSYoungGen      total 36864K, used 5104K [0x00000000d6e00000, 0x00000000db600000, 0x0000000100000000)
  eden space 31744K, 0% used [0x00000000d6e00000,0x00000000d6e00000,0x00000000d8d00000)
  from space 5120K, 99% used [0x00000000d9200000,0x00000000d96fc0d0,0x00000000d9700000)
  to   space 5120K, 0% used [0x00000000d8d00000,0x00000000d8d00000,0x00000000d9200000)
 ParOldGen       total 84992K, used 8080K [0x0000000084a00000, 0x0000000089d00000, 0x00000000d6e00000)
  object space 84992K, 9% used [0x0000000084a00000,0x00000000851e4030,0x0000000089d00000)
 Metaspace       used 20326K, capacity 21164K, committed 21248K, reserved 1067008K
  class space    used 2521K, capacity 2788K, committed 2816K, reserved 1048576K
}
Event: 9.407 GC heap before
{Heap before GC invocations=5 (full 1):
 PSYoungGen      total 36864K, used 5104K [0x00000000d6e00000, 0x00000000db600000, 0x0000000100000000)
  eden space 31744K, 0% used [0x00000000d6e00000,0x00000000d6e00000,0x00000000d8d00000)
  from space 5120K, 99% used [0x00000000d9200000,0x00000000d96fc0d0,0x00000000d9700000)
  to   space 5120K, 0% used [0x00000000d8d00000,0x00000000d8d00000,0x00000000d9200000)
 ParOldGen       total 84992K, used 8080K [0x0000000084a00000, 0x0000000089d00000, 0x00000000d6e00000)
  object space 84992K, 9% used [0x0000000084a00000,0x00000000851e4030,0x0000000089d00000)
 Metaspace       used 20326K, capacity 21164K, committed 21248K, reserved 1067008K
  class space    used 2521K, capacity 2788K, committed 2816K, reserved 1048576K
Event: 9.468 GC heap after
Heap after GC invocations=5 (full 1):
 PSYoungGen      total 36864K, used 0K [0x00000000d6e00000, 0x00000000db600000, 0x0000000100000000)
  eden space 31744K, 0% used [0x00000000d6e00000,0x00000000d6e00000,0x00000000d8d00000)
  from space 5120K, 0% used [0x00000000d9200000,0x00000000d9200000,0x00000000d9700000)
  to   space 5120K, 0% used [0x00000000d8d00000,0x00000000d8d00000,0x00000000d9200000)
 ParOldGen       total 51200K, used 7177K [0x0000000084a00000, 0x0000000087c00000, 0x00000000d6e00000)
  object space 51200K, 14% used [0x0000000084a00000,0x0000000085102480,0x0000000087c00000)
 Metaspace       used 20326K, capacity 21164K, committed 21248K, reserved 1067008K
  class space    used 2521K, capacity 2788K, committed 2816K, reserved 1048576K
}
Event: 10.339 GC heap before
{Heap before GC invocations=6 (full 1):
 PSYoungGen      total 36864K, used 31744K [0x00000000d6e00000, 0x00000000db600000, 0x0000000100000000)
  eden space 31744K, 100% used [0x00000000d6e00000,0x00000000d8d00000,0x00000000d8d00000)
  from space 5120K, 0% used [0x00000000d9200000,0x00000000d9200000,0x00000000d9700000)
  to   space 5120K, 0% used [0x00000000d8d00000,0x00000000d8d00000,0x00000000d9200000)
 ParOldGen       total 51200K, used 7177K [0x0000000084a00000, 0x0000000087c00000, 0x00000000d6e00000)
  object space 51200K, 14% used [0x0000000084a00000,0x0000000085102480,0x0000000087c00000)
 Metaspace       used 24947K, capacity 26022K, committed 26368K, reserved 1073152K
  class space    used 3161K, capacity 3483K, committed 3584K, reserved 1048576K
Event: 10.344 GC heap after
Heap after GC invocations=6 (full 1):
 PSYoungGen      total 36864K, used 5088K [0x00000000d6e00000, 0x00000000dba80000, 0x0000000100000000)
  eden space 31744K, 0% used [0x00000000d6e00000,0x00000000d6e00000,0x00000000d8d00000)
  from space 5120K, 99% used [0x00000000d8d00000,0x00000000d91f8178,0x00000000d9200000)
  to   space 10752K, 0% used [0x00000000db000000,0x00000000db000000,0x00000000dba80000)
 ParOldGen       total 51200K, used 7607K [0x0000000084a00000, 0x0000000087c00000, 0x00000000d6e00000)
  object space 51200K, 14% used [0x0000000084a00000,0x000000008516dea8,0x0000000087c00000)
 Metaspace       used 24947K, capacity 26022K, committed 26368K, reserved 1073152K
  class space    used 3161K, capacity 3483K, committed 3584K, reserved 1048576K
}
Event: 15.352 GC heap before
{Heap before GC invocations=7 (full 1):
 PSYoungGen      total 36864K, used 36777K [0x00000000d6e00000, 0x00000000dba80000, 0x0000000100000000)
  eden space 31744K, 99% used [0x00000000d6e00000,0x00000000d8cf2640,0x00000000d8d00000)
  from space 5120K, 99% used [0x00000000d8d00000,0x00000000d91f8178,0x00000000d9200000)
  to   space 10752K, 0% used [0x00000000db000000,0x00000000db000000,0x00000000dba80000)
 ParOldGen       total 51200K, used 7607K [0x0000000084a00000, 0x0000000087c00000, 0x00000000d6e00000)
  object space 51200K, 14% used [0x0000000084a00000,0x000000008516dea8,0x0000000087c00000)
 Metaspace       used 26476K, capacity 27656K, committed 27776K, reserved 1073152K
  class space    used 3341K, capacity 3682K, committed 3712K, reserved 1048576K
Event: 15.358 GC heap after
Heap after GC invocations=7 (full 1):
 PSYoungGen      total 64512K, used 4536K [0x00000000d6e00000, 0x00000000db900000, 0x0000000100000000)
  eden space 55296K, 0% used [0x00000000d6e00000,0x00000000d6e00000,0x00000000da400000)
  from space 9216K, 49% used [0x00000000db000000,0x00000000db46e098,0x00000000db900000)
  to   space 10752K, 0% used [0x00000000da400000,0x00000000da400000,0x00000000dae80000)
 ParOldGen       total 51200K, used 7615K [0x0000000084a00000, 0x0000000087c00000, 0x00000000d6e00000)
  object space 51200K, 14% used [0x0000000084a00000,0x000000008516fea8,0x0000000087c00000)
 Metaspace       used 26476K, capacity 27656K, committed 27776K, reserved 1073152K
  class space    used 3341K, capacity 3682K, committed 3712K, reserved 1048576K
}

