<?xml version="1.0" encoding="UTF-8"?>
<testng-results skipped="0" failed="0" ignored="0" total="5" passed="5">
  <reporter-output>
  </reporter-output>
  <suite name="LP" duration-ms="11497" started-at="2021-08-26T20:38:53 IST" finished-at="2021-08-26T20:39:04 IST">
    <groups>
    </groups>
    <test name="smoke" duration-ms="11497" started-at="2021-08-26T20:38:53 IST" finished-at="2021-08-26T20:39:04 IST">
      <class name="cp.testCases.HomepageTest">
        <test-method status="PASS" signature="setUp()[pri:0, instance:cp.testCases.HomepageTest@29b5cd00]" name="setUp" is-config="true" duration-ms="12912" started-at="2021-08-26T20:38:40 IST" finished-at="2021-08-26T20:38:53 IST">
          <reporter-output>
          </reporter-output>
        </test-method> <!-- setUp -->
        <test-method status="PASS" signature="verifyPagetitle()[pri:1, instance:cp.testCases.HomepageTest@29b5cd00]" name="verifyPagetitle" duration-ms="32" started-at="2021-08-26T20:38:53 IST" finished-at="2021-08-26T20:38:53 IST">
          <reporter-output>
          </reporter-output>
        </test-method> <!-- verifyPagetitle -->
        <test-method status="PASS" signature="verifyLogo()[pri:2, instance:cp.testCases.HomepageTest@29b5cd00]" name="verifyLogo" duration-ms="165" started-at="2021-08-26T20:38:53 IST" finished-at="2021-08-26T20:38:53 IST">
          <reporter-output>
          </reporter-output>
        </test-method> <!-- verifyLogo -->
        <test-method status="PASS" signature="verifyLinks()[pri:3, instance:cp.testCases.HomepageTest@29b5cd00]" name="verifyLinks" duration-ms="4570" started-at="2021-08-26T20:38:53 IST" finished-at="2021-08-26T20:38:58 IST">
          <reporter-output>
          </reporter-output>
        </test-method> <!-- verifyLinks -->
      </class> <!-- cp.testCases.HomepageTest -->
      <class name="cp.testCases.ApplynowTest">
        <test-method status="PASS" signature="setUp()[pri:0, instance:cp.testCases.ApplynowTest@59906517]" name="setUp" is-config="true" duration-ms="115" started-at="2021-08-26T20:38:53 IST" finished-at="2021-08-26T20:38:53 IST">
          <reporter-output>
          </reporter-output>
        </test-method> <!-- setUp -->
        <test-method status="PASS" signature="verfiylogo()[pri:0, instance:cp.testCases.ApplynowTest@59906517]" name="verfiylogo" duration-ms="96" started-at="2021-08-26T20:38:58 IST" finished-at="2021-08-26T20:38:58 IST">
          <reporter-output>
          </reporter-output>
        </test-method> <!-- verfiylogo -->
        <test-method status="PASS" signature="verifyBasicinfo()[pri:0, instance:cp.testCases.ApplynowTest@59906517]" name="verifyBasicinfo" duration-ms="6418" started-at="2021-08-26T20:38:58 IST" finished-at="2021-08-26T20:39:04 IST">
          <reporter-output>
          </reporter-output>
        </test-method> <!-- verifyBasicinfo -->
      </class> <!-- cp.testCases.ApplynowTest -->
    </test> <!-- smoke -->
  </suite> <!-- LP -->
</testng-results>
