<?xml version="1.0" encoding="UTF-8"?>
<testng-results skipped="0" failed="0" ignored="0" total="5" passed="5">
  <reporter-output>
  </reporter-output>
  <suite name="LP" duration-ms="9476" started-at="2021-10-29T22:44:44 IST" finished-at="2021-10-29T22:44:54 IST">
    <groups>
    </groups>
    <test name="smoke" duration-ms="9476" started-at="2021-10-29T22:44:44 IST" finished-at="2021-10-29T22:44:54 IST">
      <class name="cp.testCases.HomepageTest">
        <test-method status="PASS" signature="setUp()[pri:0, instance:cp.testCases.HomepageTest@10a035a0]" name="setUp" is-config="true" duration-ms="8481" started-at="2021-10-29T22:44:36 IST" finished-at="2021-10-29T22:44:44 IST">
          <reporter-output>
          </reporter-output>
        </test-method> <!-- setUp -->
        <test-method status="PASS" signature="verifyPagetitle()[pri:1, instance:cp.testCases.HomepageTest@10a035a0]" name="verifyPagetitle" duration-ms="14" started-at="2021-10-29T22:44:44 IST" finished-at="2021-10-29T22:44:44 IST">
          <reporter-output>
          </reporter-output>
        </test-method> <!-- verifyPagetitle -->
        <test-method status="PASS" signature="verifyLogo()[pri:2, instance:cp.testCases.HomepageTest@10a035a0]" name="verifyLogo" duration-ms="65" started-at="2021-10-29T22:44:44 IST" finished-at="2021-10-29T22:44:44 IST">
          <reporter-output>
          </reporter-output>
        </test-method> <!-- verifyLogo -->
        <test-method status="PASS" signature="verifyLinks()[pri:3, instance:cp.testCases.HomepageTest@10a035a0]" name="verifyLinks" duration-ms="287" started-at="2021-10-29T22:44:44 IST" finished-at="2021-10-29T22:44:45 IST">
          <reporter-output>
          </reporter-output>
        </test-method> <!-- verifyLinks -->
      </class> <!-- cp.testCases.HomepageTest -->
      <class name="cp.testCases.ApplynowTest">
        <test-method status="PASS" signature="setUp()[pri:0, instance:cp.testCases.ApplynowTest@710726a3]" name="setUp" is-config="true" duration-ms="26" started-at="2021-10-29T22:44:44 IST" finished-at="2021-10-29T22:44:44 IST">
          <reporter-output>
          </reporter-output>
        </test-method> <!-- setUp -->
        <test-method status="PASS" signature="verfiylogo()[pri:0, instance:cp.testCases.ApplynowTest@710726a3]" name="verfiylogo" duration-ms="4286" started-at="2021-10-29T22:44:45 IST" finished-at="2021-10-29T22:44:49 IST">
          <reporter-output>
          </reporter-output>
        </test-method> <!-- verfiylogo -->
        <test-method status="PASS" signature="verifyBasicinfo()[pri:0, instance:cp.testCases.ApplynowTest@710726a3]" name="verifyBasicinfo" duration-ms="4772" started-at="2021-10-29T22:44:49 IST" finished-at="2021-10-29T22:44:54 IST">
          <reporter-output>
          </reporter-output>
        </test-method> <!-- verifyBasicinfo -->
      </class> <!-- cp.testCases.ApplynowTest -->
    </test> <!-- smoke -->
  </suite> <!-- LP -->
</testng-results>
